     1                                  bits 32
     2                                  global start
     3                                  
     4                                  extern exit, fopen, fclose, scanf, printf, fscanf, fprintf
     5                                  import exit msvcrt.dll
     6                                  import fopen msvcrt.dll
     7                                  import fclose msvcrt.dll
     8                                  import scanf msvcrt.dll
     9                                  import printf msvcrt.dll
    10                                  import fscanf msvcrt.dll
    11                                  import fprintf msvcrt.dll
    12                                  
    13                                  
    14                                  segment data use32 class=data
    15 00000000 <res 00000064>              in_file resb 100
    16 00000064 7200                        access_read db 'r', 0
    17 00000066 FFFFFFFF                    in_desc dd -1
    18                                      
    19 0000006A 6F75747075742E7478-         out_file db 'output.txt', 0
    19 00000073 7400               
    20 00000075 7700                        access_write db 'w', 0
    21 00000077 FFFFFFFF                    out_desc dd -1
    22                                      
    23 0000007B 00                          char db 0
    24 0000007C <res 00000064>              buffer resb 100
    25                                      
    26 000000E0 257300                      format_read_str db '%s', 0
    27 000000E3 256300                      format_read_char db '%c', 0
    28 000000E6 25730A00                    format_print_str db '%s', 10, 0
    29                                  
    30                                  segment code use32 class=code
    31                                  start:
    32                                      ; read input file name
    33 00000000 68[00000000]                push dword in_file
    34 00000005 68[E0000000]                push dword format_read_str
    35 0000000A FF15[00000000]              call [scanf]
    36 00000010 83C408                      add esp, 8
    37                                      
    38                                      ; read null/endl? character (remained from string)
    39 00000013 68[7B000000]                push dword char
    40 00000018 68[E3000000]                push dword format_read_char
    41 0000001D FF15[00000000]              call [scanf]
    42 00000023 83C408                      add esp, 8
    43                                      
    44                                      ; read character
    45 00000026 68[7B000000]                push dword char
    46 0000002B 68[E3000000]                push dword format_read_char
    47 00000030 FF15[00000000]              call [scanf]
    48 00000036 83C408                      add esp, 8
    49                                  
    50                                      ; open input file
    51 00000039 68[64000000]                push dword access_read
    52 0000003E 68[00000000]                push dword in_file
    53 00000043 FF15[00000000]              call [fopen]
    54 00000049 83C408                      add esp, 8
    55 0000004C 83F800                      cmp eax, 0
    56 0000004F 0F849C000000                je final
    57 00000055 A3[66000000]                mov [in_desc], eax
    58                                      
    59                                      ; open output file
    60 0000005A 68[75000000]                push dword access_write
    61 0000005F 68[6A000000]                push dword out_file
    62 00000064 FF15[00000000]              call [fopen]
    63 0000006A 83C408                      add esp, 8
    64 0000006D 83F800                      cmp eax, 0
    65 00000070 7470                        je .close_input_file
    66 00000072 A3[77000000]                mov [out_desc], eax
    67                                      
    68                                      ; loop through words from file
    69                                      .input_file_loop:
    70                                          ; read word from file
    71 00000077 68[7C000000]                    push dword buffer
    72 0000007C 68[E0000000]                    push dword format_read_str
    73 00000081 FF35[66000000]                  push dword [in_desc]
    74 00000087 FF15[00000000]                  call [fscanf]
    75 0000008D 83C40C                          add esp, 12
    76 00000090 83F8FF                          cmp eax, -1 ; no more words to read
    77 00000093 743E                            je .after_input_file_loop
    78                                          
    79                                          ; check if character char is in word
    80 00000095 BE00000000                      mov esi, 0
    81                                          .check_loop:
    82 0000009A B800000000                          mov eax, 0
    83 0000009F A0[7B000000]                        mov al, [char]
    84 000000A4 3886[7C000000]                      cmp [buffer + esi], al
    85 000000AA 7425                                je .go_to_next_word
    86                                              
    87 000000AC 80BE[7C000000]00                    cmp [buffer + esi], byte 0 ; end of word
    88 000000B3 7403                                je .print_word
    89                                              
    90 000000B5 46                                  inc esi
    91 000000B6 EBE2                                jmp .check_loop
    92                                              
    93                                          .print_word:
    94 000000B8 68[7C000000]                    push dword buffer
    95 000000BD 68[E6000000]                    push dword format_print_str
    96 000000C2 FF35[77000000]                  push dword [out_desc]
    97 000000C8 FF15[00000000]                  call [fprintf]
    98 000000CE 83C40C                          add esp, 12
    99                                          
   100                                          .go_to_next_word:
   101 000000D1 EBA4                            jmp .input_file_loop
   102                                          
   103                                      .after_input_file_loop:
   104                                      
   105                                      .close_out_file:
   106 000000D3 FF35[77000000]              push dword [out_desc]
   107 000000D9 FF15[00000000]              call [fclose]
   108 000000DF 83C404                      add esp, 4
   109                                      
   110                                      .close_input_file
   110          ******************       warning: label alone on a line without a colon might be in error [-w+orphan-labels]
   111 000000E2 FF35[66000000]              push dword [in_desc]
   112 000000E8 FF15[00000000]              call [fclose]
   113 000000EE 83C404                      add esp, 4
   114                                  
   115                                  final:
   116 000000F1 6A00                        push dword 0
   117 000000F3 FF15[00000000]              call [exit]
