     1                                  ; Sa se citeasca de la tastatura un numar in baza 10 si sa se afiseze valoarea acelui numar in baza 16.
     2                                  ; Exemplu: Se citeste: 28; se afiseaza: 1C
     3                                  bits 32
     4                                  global start
     5                                  
     6                                  extern exit, printf, scanf
     7                                  import exit msvcrt.dll
     8                                  import printf msvcrt.dll
     9                                  import scanf msvcrt.dll
    10                                  
    11                                  segment data use32 class=data
    12 00000000 00000000                    n dd 0 ; variabila pe care vrem sa o citim
    13 00000004 256400                      format db "%d", 0 ; formatul numarului pe care il citim
    14 00000007 255800                      mesaj db "%X", 0 ; mesajul de afisat
    15                                  
    16                                  segment code use32 class=code
    17                                  start:
    18                                      ; citim n
    19 00000000 68[00000000]                push dword n
    20 00000005 68[04000000]                push dword format
    21 0000000A FF15[00000000]              call [scanf]
    22 00000010 83C408                      add esp, 4*2
    23 00000013 A1[00000000]                mov eax, [n]
    24                                      
    25                                      ; afisam n in reprezentare hexa
    26 00000018 50                          push eax
    27 00000019 68[07000000]                push dword mesaj
    28 0000001E FF15[00000000]              call [printf]
    29 00000024 83C408                      add esp, 4*2
    30                                      
    31                                      
    32 00000027 6A00                        push dword 0
    33 00000029 FF15[00000000]              call [exit]
