     1                                  ; Se dau doua numere naturale a si b (a, b: word, definite in segmentul de date). Sa se calculeze a/b si sa se afiseze catul si restul impartirii in urmatorul format: "Cat = <cat>, rest = <rest>"
     2                                  ; Exemplu: pentru a=23 si b=10 se va afisa: "Cat = 2, rest = 3"
     3                                  ; Valorile vor fi afisate in format decimal (baza 10) cu semn.
     4                                  bits 32
     5                                  global start
     6                                  extern exit, printf, scanf
     7                                  import exit msvcrt.dll
     8                                  import printf msvcrt.dll
     9                                  import scanf msvcrt.dll
    10                                  
    11                                  segment data use32
    12 00000000 01000000                    a dd 1
    13 00000004 01000000                    b dd 1
    14 00000008 256420256400                read_format db '%d %d', 0
    15 0000000E 436174203D20256420-         print_format db 'Cat = %d rest = %d', 0
    15 00000017 72657374203D202564-
    15 00000020 00                 
    16 00000021 01000000                    cat dd 1
    17 00000025 01000000                    r dd 1
    18                                  
    19                                  segment code use32
    20                                  start:
    21 00000000 68[04000000]                push dword b
    22 00000005 68[00000000]                push dword a
    23 0000000A 68[08000000]                push dword read_format
    24 0000000F FF15[00000000]              call [scanf]
    25 00000015 83C40C                      add esp, 12
    26                                      
    27 00000018 A1[00000000]                mov eax, [a]
    28 0000001D BA00000000                  mov edx, 0 ; cdq pt cu semn
    29 00000022 8B1D[04000000]              mov ebx, [b]
    30 00000028 F7F3                        div ebx
    31                                      
    32 0000002A A3[21000000]                mov [cat], eax
    33 0000002F 8915[25000000]              mov [r], edx
    34                                      
    35 00000035 FF35[25000000]              push dword [r]
    36 0000003B FF35[21000000]              push dword [cat]
    37 00000041 68[0E000000]                push dword print_format
    38 00000046 FF15[00000000]              call [printf]
    39 0000004C 83C40C                      add esp, 12
    40                                  
    41                                  final:
    42 0000004F 6A00                        push dword 0
    43 00000051 FF15[00000000]              call [exit]
