     1                                  ;Sa se citeasca de la tastatura un nume de fisier si un text. Sa se creeze un fisier cu numele dat in directorul curent si sa se scrie textul in acel fisier. Observatii: Numele de fisier este de maxim 30 de caracter
     2                                  bits 32
     3                                  global start
     4                                  
     5                                  extern exit, fprintf, scanf, fopen, fclose, printf
     6                                  import exit msvcrt.dll
     7                                  import fprintf msvcrt.dll
     8                                  import scanf msvcrt.dll
     9                                  import fopen msvcrt.dll
    10                                  import fclose msvcrt.dll
    11                                  import printf msvcrt.dll
    12                                  
    13                                  segment data use32 class=data
    14 00000000 <res 0000001F>              nume_fisier resb 31
    15 0000001F <res 00000079>              text resb 121
    16 00000098 257300                      format db "%s", 0
    17 0000009B 7700                        mod_acces db "w", 0
    18 0000009D FFFFFFFF                    descriptor_fis dd -1
    19 000000A1 6E756D656C65206669-         msg1 db "numele fisierului: ", 0
    19 000000AA 73696572756C75693A-
    19 000000B3 2000               
    20 000000B5 746578743A2000              msg2 db "text: ", 0
    21                                  
    22                                  
    23                                  segment code use32 class=code
    24                                  start:
    25 00000000 68[A1000000]                push dword msg1
    26 00000005 FF15[00000000]              call [printf]
    27 0000000B 83C404                      add esp, 4
    28                                      ; citim numele fisierului
    29                                      ; scanf(%s, nume_fisier)
    30 0000000E 68[00000000]                push dword nume_fisier
    31 00000013 68[98000000]                push dword format
    32 00000018 FF15[00000000]              call [scanf]
    33 0000001E 83C408                      add esp, 4*2
    34                                      
    35                                      
    36 00000021 68[B5000000]                push dword msg2
    37 00000026 FF15[00000000]              call [printf]
    38 0000002C 83C404                      add esp, 4
    39                                      ; citim textul pe care vrem sa il punem in fisier
    40                                      ; scanf(%s, text)
    41 0000002F 68[1F000000]                push dword text
    42 00000034 68[98000000]                push dword format
    43 00000039 FF15[00000000]              call [scanf]
    44 0000003F 83C408                      add esp, 4 * 2
    45 00000042 B8[1F000000]                mov eax, text
    46                                      
    47                                      
    48                                      ; cream fisierul
    49                                      ; fopen(nume_fisier, w)
    50 00000047 68[9B000000]                push dword mod_acces
    51 0000004C 68[00000000]                push dword nume_fisier
    52 00000051 FF15[00000000]              call [fopen]
    53 00000057 83C408                      add esp, 4*2
    54                                      ; daca operatia da eroare, terminam programul
    55 0000005A 83F800                      cmp eax, 0
    56 0000005D 7419                        je final
    57                                      ; daca operatia a reusit, salvam valoarea descriptorului in variabila
    58 0000005F A3[9D000000]                mov [descriptor_fis], eax
    59                                      
    60                                      
    61                                      ; punem textul in fisier
    62                                      ; fprintf(descriptor_fisier, text)
    63 00000064 68[1F000000]                push dword text
    64 00000069 FF35[9D000000]              push dword [descriptor_fis]
    65 0000006F FF15[00000000]              call [fprintf]
    66 00000075 83C408                      add esp, 4*2
    67                                      
    68                                      
    69                                  final:
    70                                      ; inchidem fisierul
    71                                      ; fclose(descriptor_fisier)
    72 00000078 FF35[9D000000]              push dword [descriptor_fis]
    73 0000007E FF15[00000000]              call [fclose]
    74 00000084 83C404                      add esp, 4
    75 00000087 6A00                        push dword 0
    76 00000089 FF15[00000000]              call [exit]
