     1                                  ; Scrieți un program în limbaj de asamblare care să rezolve expresia aritmetică, considerând domeniile de definiție ale variabilelor
     2                                  ; a,b,c,d - word
     3                                  ; 25. (a+b-c)-d
     4                                  bits 32 ;asamblare si compilare pentru arhitectura de 32 biti
     5                                  ; definim punctul de intrare in programul principal
     6                                  global  start 
     7                                  
     8                                  extern  exit ; indicam asamblorului ca exit exista, chiar daca noi nu o vom defini
     9                                  import  exit msvcrt.dll; exit este o functie care incheie procesul, este definita in msvcrt.dll
    10                                          ; msvcrt.dll contine exit, printf si toate celelalte functii C-runtime importante
    11                                  segment  data use32 class=data ; segmentul de date in care se vor defini variabilele 
    12 00000000 0A00                    	a dw 10
    13 00000002 1400                    	b dw 20
    14 00000004 2800                        c dw 40
    15 00000006 1E00                        d dw 30
    16                                  segment  code use32 class=code ; segmentul de cod
    17                                  start: 
    18 00000000 66A1[00000000]              mov ax, [a] ; AX = a
    19 00000006 660305[02000000]            add ax, [b] ; AX = a + b
    20 0000000D 662B05[04000000]            sub ax, [c] ; AX = a + b - c
    21 00000014 668B1D[06000000]            mov bx, [d] ; BX = d
    22 0000001B 6629D8                      sub ax, bx ; AX = (a + b - c) - d
    23                                      
    24                                  	
    25 0000001E 6A00                    	push   dword 0 ;se pune pe stiva codul de retur al functiei exit
    26 00000020 FF15[00000000]          	call   [exit] ;apelul functiei sistem exit pentru terminarea executiei programului
