     1                                  ; Scrieți un program în limbaj de asamblare care să rezolve expresia aritmetică, considerând domeniile de definiție ale variabilelor
     2                                  ; a,b,c,d - byte
     3                                  ; 25. (c+d+d)-(a+a+b)
     4                                  bits 32 ;asamblare si compilare pentru arhitectura de 32 biti
     5                                  ; definim punctul de intrare in programul principal
     6                                  global  start 
     7                                  
     8                                  extern  exit ; indicam asamblorului ca exit exista, chiar daca noi nu o vom defini
     9                                  import  exit msvcrt.dll; exit este o functie care incheie procesul, este definita in msvcrt.dll
    10                                          ; msvcrt.dll contine exit, printf si toate celelalte functii C-runtime importante
    11                                  segment  data use32 class=data ; segmentul de date in care se vor defini variabilele 
    12 00000000 0A                      	a db 10
    13 00000001 14                      	b db 20
    14 00000002 28                          c db 40
    15 00000003 1E                          d db 30
    16                                  segment  code use32 class=code ; segmentul de cod
    17                                  start: 
    18 00000000 A0[02000000]                mov al, [c] ; AL = c
    19 00000005 0205[03000000]              add al, [d] ; AL = c + d
    20 0000000B 0205[03000000]              add al, [d] ; AL = c + d + d
    21                                      
    22 00000011 8A1D[00000000]              mov bl, [a] ; BL = a
    23 00000017 021D[00000000]              add bl, [a] ; BL = a + a
    24 0000001D 021D[01000000]              add bl, [b] ; BL = a + a + b
    25                                      
    26 00000023 28D8                        sub al, bl ; AL = AL - BL = (c + d + d) - (a + a + b)
    27                                  	
    28 00000025 6A00                    	push   dword 0 ;se pune pe stiva codul de retur al functiei exit
    29 00000027 FF15[00000000]          	call   [exit] ;apelul functiei sistem exit pentru terminarea executiei programului
