     1                                  ; Scrieți un program în limbaj de asamblare care să rezolve expresia aritmetică, considerând domeniile de definiție ale variabilelor
     2                                  ; a,b,c,d - byte
     3                                  ; 10. (a+d+d)-c+(b+b)
     4                                  ; ex. 1: a = 10; b = 40; Rezultat:
     5                                  ; ex. 2: a = 100; b = 50; Rezultat: 
     6                                  bits 32 ;asamblare si compilare pentru arhitectura de 32 biti
     7                                  ; definim punctul de intrare in programul principal
     8                                  global  start 
     9                                  
    10                                  extern  exit ; indicam asamblorului ca exit exista, chiar daca noi nu o vom defini
    11                                  import  exit msvcrt.dll; exit este o functie care incheie procesul, este definita in msvcrt.dll
    12                                          ; msvcrt.dll contine exit, printf si toate celelalte functii C-runtime importante
    13                                  segment  data use32 class=data ; segmentul de date in care se vor defini variabilele 
    14 00000000 0F                      	a db 15
    15 00000001 20                      	b db 32
    16 00000002 40                          c db 64
    17 00000003 80                          d db 128
    18                                  segment  code use32 class=code ; segmentul de cod
    19                                  start: 
    20 00000000 B800000000              	mov eax, 0
    21 00000005 BB00000000                  mov ebx, 0
    22 0000000A 66A1[00000000]              mov ax, [a] ; AX = a
    23 00000010 660305[03000000]            add ax, [d] ; AX = a + d
    24 00000017 660305[03000000]            add ax, [d] ; AX = a + d + d
    25 0000001E 662B05[02000000]            sub ax, [c] ; AX = (a+d+d)-c
    26 00000025 668B1D[01000000]            mov bx, [b] ; BX = b
    27 0000002C 66031D[01000000]            add bx, [b] ; BX = b + b
    28 00000033 6601D8                      add ax, bx ; AX = AX + BX = (a+d+d)-c+(b+b)
    29                                  	
    30 00000036 6A00                    	push   dword 0 ;se pune pe stiva codul de retur al functiei exit
    31 00000038 FF15[00000000]          	call   [exit] ;apelul functiei sistem exit pentru terminarea executiei programului
